<?xml version="1.0" encoding="UTF-8"?>
<!-- Generated by org.testng.reporters.JUnitReportReporter -->
<testsuite skipped="0" hostname="DESKTOP-U2SB4I2" name="VootHome" tests="1" failures="0" timestamp="2022-05-24T14:02:11 IST" time="37.698" errors="0">
  <testcase name="homePagevalidation" time="37.698" classname="VootHome"/>
  <system-out/>
</testsuite> <!-- VootHome -->
